Build started 2013/3/9 10:44:44.
     1>Project "D:\sources\SeraphimCPP\SeraphimCPP\SeraphimCPP.vcxproj" on node 2 (build target(s)).
     1>InitializeBuildStatus:
         Creating "Release\SeraphimCPP.unsuccessfulbuild" because "AlwaysCreate" was specified.
       ClCompile:
         d:\Program Files (x86)\Microsoft Visual Studio 10.0\VC\bin\CL.exe /c /Zi /nologo /W3 /WX- /O2 /Oi /Oy- /GL /D _UNICODE /D UNICODE /Gm- /EHsc /MD /GS /Gy /fp:precise /Zc:wchar_t /Zc:forScope /Fo"Release\\" /Fd"Release\vc100.pdb" /Gd /TP /analyze- /errorReport:prompt ..\base\10\int_set.cpp ..\base\10\main.cpp
         int_set.cpp
         main.cpp
       Link:
         d:\Program Files (x86)\Microsoft Visual Studio 10.0\VC\bin\link.exe /ERRORREPORT:PROMPT /OUT:"D:\sources\SeraphimCPP\Release\SeraphimCPP.exe" /NOLOGO kernel32.lib user32.lib gdi32.lib winspool.lib comdlg32.lib advapi32.lib shell32.lib ole32.lib oleaut32.lib uuid.lib odbc32.lib odbccp32.lib /MANIFEST /ManifestFile:"Release\SeraphimCPP.exe.intermediate.manifest" /MANIFESTUAC:"level='asInvoker' uiAccess='false'" /DEBUG /PDB:"D:\sources\SeraphimCPP\Release\SeraphimCPP.pdb" /OPT:REF /OPT:ICF /LTCG /TLBID:1 /DYNAMICBASE /NXCOMPAT /IMPLIB:"D:\sources\SeraphimCPP\Release\SeraphimCPP.lib" /MACHINE:X86 Release\date.obj
         Release\histogram.obj
         Release\int_node.obj
         Release\int_set.obj
         Release\main.obj
         Release\single.obj
         Generating code
         Finished generating code
         SeraphimCPP.vcxproj -> D:\sources\SeraphimCPP\Release\SeraphimCPP.exe
       Manifest:
         C:\Program Files (x86)\Microsoft SDKs\Windows\v7.0A\bin\mt.exe /nologo /verbose /outputresource:"D:\sources\SeraphimCPP\Release\SeraphimCPP.exe;#1" /manifest Release\SeraphimCPP.exe.intermediate.manifest
       FinalizeBuildStatus:
         Deleting file "Release\SeraphimCPP.unsuccessfulbuild".
         Touching "Release\SeraphimCPP.lastbuildstate".
     1>Done Building Project "D:\sources\SeraphimCPP\SeraphimCPP\SeraphimCPP.vcxproj" (build target(s)).

Build succeeded.

Time Elapsed 00:00:03.64
