D:\Sources\SeraphimCPP\SeraphimX264\Debug\cl.command.1.tlog
D:\Sources\SeraphimCPP\SeraphimX264\Debug\CL.read.1.tlog
D:\Sources\SeraphimCPP\SeraphimX264\Debug\CL.write.1.tlog
D:\SOURCES\SERAPHIMCPP\SERAPHIMX264\DEBUG\IMPORT.OBJ
D:\Sources\SeraphimCPP\SeraphimX264\Debug\link.command.1.tlog
D:\Sources\SeraphimCPP\SeraphimX264\Debug\link.read.1.tlog
D:\Sources\SeraphimCPP\SeraphimX264\Debug\link.write.1.tlog
D:\SOURCES\SERAPHIMCPP\SERAPHIMX264\DEBUG\MAIN.OBJ
D:\Sources\SeraphimCPP\SeraphimX264\Debug\mt.command.1.tlog
D:\Sources\SeraphimCPP\SeraphimX264\Debug\mt.read.1.tlog
D:\Sources\SeraphimCPP\SeraphimX264\Debug\mt.write.1.tlog
D:\SOURCES\SERAPHIMCPP\SERAPHIMX264\DEBUG\SERAPHIMX264.EXE
D:\SOURCES\SERAPHIMCPP\SERAPHIMX264\DEBUG\SERAPHIMX264.EXE.INTERMEDIATE.MANIFEST
D:\SOURCES\SERAPHIMCPP\SERAPHIMX264\DEBUG\SERAPHIMX264.ILK
D:\SOURCES\SERAPHIMCPP\SERAPHIMX264\DEBUG\SERAPHIMX264.PDB
D:\Sources\SeraphimCPP\SeraphimX264\Debug\testDebug.ilk
D:\Sources\SeraphimCPP\SeraphimX264\Debug\testDebug.pdb
D:\Sources\SeraphimCPP\SeraphimX264\Debug\vc100.idb
D:\SOURCES\SERAPHIMCPP\SERAPHIMX264\DEBUG\VC100.PDB
D:\SOURCES\SERAPHIMCPP\SERAPHIMX264\DEBUG\YUV420.OBJ
