D:\SOURCES\SERAPHIMCPP\DEBUG\SERAPHIMCPP.EXE
D:\SOURCES\SERAPHIMCPP\DEBUG\SERAPHIMCPP.ILK
D:\SOURCES\SERAPHIMCPP\DEBUG\SERAPHIMCPP.PDB
D:\sources\SeraphimCPP\SeraphimCPP\Debug\cl.command.1.tlog
D:\sources\SeraphimCPP\SeraphimCPP\Debug\CL.read.1.tlog
D:\sources\SeraphimCPP\SeraphimCPP\Debug\CL.write.1.tlog
D:\SOURCES\SERAPHIMCPP\SERAPHIMCPP\DEBUG\DATE.OBJ
D:\SOURCES\SERAPHIMCPP\SERAPHIMCPP\DEBUG\HISTOGRAM.OBJ
D:\SOURCES\SERAPHIMCPP\SERAPHIMCPP\DEBUG\INT_NODE.OBJ
D:\SOURCES\SERAPHIMCPP\SERAPHIMCPP\DEBUG\INT_SET.OBJ
D:\sources\SeraphimCPP\SeraphimCPP\Debug\link.command.1.tlog
D:\sources\SeraphimCPP\SeraphimCPP\Debug\link.read.1.tlog
D:\sources\SeraphimCPP\SeraphimCPP\Debug\link.write.1.tlog
D:\SOURCES\SERAPHIMCPP\SERAPHIMCPP\DEBUG\MAIN.OBJ
D:\sources\SeraphimCPP\SeraphimCPP\Debug\mt.command.1.tlog
D:\sources\SeraphimCPP\SeraphimCPP\Debug\mt.read.1.tlog
D:\sources\SeraphimCPP\SeraphimCPP\Debug\mt.write.1.tlog
D:\SOURCES\SERAPHIMCPP\SERAPHIMCPP\DEBUG\SERAPHIMCPP.EXE.INTERMEDIATE.MANIFEST
D:\SOURCES\SERAPHIMCPP\SERAPHIMCPP\DEBUG\SINGLE.OBJ
D:\sources\SeraphimCPP\SeraphimCPP\Debug\vc100.idb
D:\SOURCES\SERAPHIMCPP\SERAPHIMCPP\DEBUG\VC100.PDB
