Build started 2013/3/11 21:04:47.
     1>Project "D:\sources\SeraphimCPP\X264\X264.vcxproj" on node 2 (build target(s)).
     1>InitializeBuildStatus:
         Creating "Release\X264.unsuccessfulbuild" because "AlwaysCreate" was specified.
       ClCompile:
         d:\Program Files (x86)\Microsoft Visual Studio 10.0\VC\bin\CL.exe /c /Zi /nologo /W3 /WX- /O2 /Oi /Oy- /GL /D _MBCS /Gm- /EHsc /MT /GS /Gy /fp:precise /Zc:wchar_t /Zc:forScope /Fo"Release\\" /Fd"Release\vc100.pdb" /Gd /TP /analyze- /errorReport:prompt main.cpp
         main.cpp
         You must include stdint.h or inttypes.h before x264.h
       Link:
         d:\Program Files (x86)\Microsoft Visual Studio 10.0\VC\bin\link.exe /ERRORREPORT:PROMPT /OUT:"D:\sources\SeraphimCPP\Release\X264.exe" /NOLOGO /LIBPATH:D:\ "libx264-.lib" /MANIFEST /ManifestFile:"Release\X264.exe.intermediate.manifest" /MANIFESTUAC:"level='asInvoker' uiAccess='false'" /DEBUG /PDB:"D:\sources\SeraphimCPP\Release\X264.pdb" /OPT:REF /OPT:ICF /LTCG /TLBID:1 /DYNAMICBASE /NXCOMPAT /IMPLIB:"D:\sources\SeraphimCPP\Release\X264.lib" /MACHINE:X86 Release\main.obj
         Generating code
         Finished generating code
         X264.vcxproj -> D:\sources\SeraphimCPP\Release\X264.exe
       Manifest:
         C:\Program Files (x86)\Microsoft SDKs\Windows\v7.0A\bin\mt.exe /nologo /verbose /outputresource:"D:\sources\SeraphimCPP\Release\X264.exe;#1" /manifest Release\X264.exe.intermediate.manifest "d:\Program Files (x86)\Microsoft Visual Studio 10.0\VC\Include\Manifest\dpiaware.manifest"
       FinalizeBuildStatus:
         Deleting file "Release\X264.unsuccessfulbuild".
         Touching "Release\X264.lastbuildstate".
     1>Done Building Project "D:\sources\SeraphimCPP\X264\X264.vcxproj" (build target(s)).

Build succeeded.

Time Elapsed 00:00:00.42
